1.00 1.00

0.00 0.00 0.00 0.00 0.00 1.00 0.00 0.00 0.00 0.00 0.00 0.00 0.00 0.00 0.00 0.00 
0.00 0.00 0.00 0.00 0.00 0.00 0.00 0.00 0.00 1.00 0.00 0.00 0.00 0.00 0.00 0.00 
0.00 0.00 0.00 0.00 0.00 0.00 1.00 0.00 0.00 0.00 0.00 0.00 0.00 0.00 0.00 0.00 
0.00 0.00 0.00 0.00 0.00 0.00 0.00 0.00 0.00 0.00 1.00 0.00 0.00 0.00 0.00 0.00 
0.00 -0.50 0.00 0.00 0.00 0.00 0.00 0.00 0.00 0.50 0.00 0.00 0.00 0.00 0.00 0.00 
0.00 0.00 0.00 0.00 0.00 -0.50 0.00 0.00 0.00 0.00 0.00 0.00 0.00 0.50 0.00 0.00 
0.00 0.00 -0.50 0.00 0.00 0.00 0.00 0.00 0.00 0.00 0.50 0.00 0.00 0.00 0.00 0.00 
0.00 0.00 0.00 0.00 0.00 0.00 -0.50 0.00 0.00 0.00 0.00 0.00 0.00 0.00 0.50 0.00 
0.00 0.00 0.00 0.00 -0.50 0.00 0.50 0.00 0.00 0.00 0.00 0.00 0.00 0.00 0.00 0.00 
0.00 0.00 0.00 0.00 0.00 0.00 0.00 0.00 -0.50 0.00 0.50 0.00 0.00 0.00 0.00 0.00 
0.00 0.00 0.00 0.00 0.00 -0.50 0.00 0.50 0.00 0.00 0.00 0.00 0.00 0.00 0.00 0.00 
0.00 0.00 0.00 0.00 0.00 0.00 0.00 0.00 0.00 -0.50 0.00 0.50 0.00 0.00 0.00 0.00 
0.25 0.00 -0.25 0.00 0.00 0.00 0.00 0.00 -0.25 0.00 0.25 0.00 0.00 0.00 0.00 0.00 
0.00 0.00 0.00 0.00 0.25 0.00 -0.25 0.00 0.00 0.00 0.00 0.00 -0.25 0.00 0.25 0.00 
0.00 0.25 0.00 -0.25 0.00 0.00 0.00 0.00 0.00 -0.25 0.00 0.25 0.00 0.00 0.00 0.00 
0.00 0.00 0.00 0.00 0.00 0.25 0.00 -0.25 0.00 0.00 0.00 0.00 0.00 -0.25 0.00 0.25 
above was b:
0.00 0.00 0.00 0.00 0.00 1.00 0.00 0.00 0.00 0.00 0.00 0.00 0.00 0.00 0.00 0.00 
0.00 -0.50 0.00 0.00 0.00 0.00 0.00 0.00 0.00 0.50 0.00 0.00 0.00 0.00 0.00 0.00 
0.00 1.00 0.00 0.00 0.00 -2.50 0.00 0.00 0.00 2.00 0.00 0.00 0.00 -0.50 0.00 0.00 
0.00 -0.50 0.00 0.00 0.00 1.50 0.00 0.00 0.00 -1.50 0.00 0.00 0.00 0.50 0.00 0.00 
0.00 0.00 0.00 0.00 -0.50 0.00 0.50 0.00 0.00 0.00 0.00 0.00 0.00 0.00 0.00 0.00 
0.25 0.00 -0.25 0.00 0.00 0.00 0.00 0.00 -0.25 0.00 0.25 0.00 0.00 0.00 0.00 0.00 
-0.50 0.00 0.50 0.00 1.25 0.00 -1.25 0.00 -1.00 0.00 1.00 0.00 0.25 0.00 -0.25 0.00 
0.25 0.00 -0.25 0.00 -0.75 0.00 0.75 0.00 0.75 0.00 -0.75 0.00 -0.25 0.00 0.25 0.00 
0.00 0.00 0.00 0.00 1.00 -2.50 2.00 -0.50 0.00 0.00 0.00 0.00 0.00 0.00 0.00 0.00 
-0.50 1.25 -1.00 0.25 0.00 0.00 0.00 0.00 0.50 -1.25 1.00 -0.25 0.00 0.00 0.00 0.00 
1.00 -2.50 2.00 -0.50 -2.50 6.25 -5.00 1.25 2.00 -5.00 4.00 -1.00 -0.50 1.25 -1.00 0.25 
-0.50 1.25 -1.00 0.25 1.50 -3.75 3.00 -0.75 -1.50 3.75 -3.00 0.75 0.50 -1.25 1.00 -0.25 
0.00 0.00 0.00 0.00 -0.50 1.50 -1.50 0.50 0.00 0.00 0.00 0.00 0.00 0.00 0.00 0.00 
0.25 -0.75 0.75 -0.25 0.00 0.00 0.00 0.00 -0.25 0.75 -0.75 0.25 0.00 0.00 0.00 0.00 
-0.50 1.50 -1.50 0.50 1.25 -3.75 3.75 -1.25 -1.00 3.00 -3.00 1.00 0.25 -0.75 0.75 -0.25 
0.25 -0.75 0.75 -0.25 -0.75 2.25 -2.25 0.75 0.75 -2.25 2.25 -0.75 -0.25 0.75 -0.75 0.25 
0 0
1 0
2 0
3 0
0 1
1 1
2 1
3 1
0 2
1 2
2 2
3 2
0 3
1 3
2 3
3 3
a[0,0] = 1.00*p[1,1]+;
a[0,1] = -0.50*p[1,0]+0.50*p[1,2]+;
a[0,2] = 1.00*p[1,0]+-2.50*p[1,1]+2.00*p[1,2]+-0.50*p[1,3]+;
a[0,3] = -0.50*p[1,0]+1.50*p[1,1]+-1.50*p[1,2]+0.50*p[1,3]+;
a[1,0] = -0.50*p[0,1]+0.50*p[2,1]+;
a[1,1] = 0.25*p[0,0]+-0.25*p[0,2]+-0.25*p[2,0]+0.25*p[2,2]+;
a[1,2] = -0.50*p[0,0]+1.25*p[0,1]+-1.00*p[0,2]+0.25*p[0,3]+0.50*p[2,0]+-1.25*p[2,1]+1.00*p[2,2]+-0.25*p[2,3]+;
a[1,3] = 0.25*p[0,0]+-0.75*p[0,1]+0.75*p[0,2]+-0.25*p[0,3]+-0.25*p[2,0]+0.75*p[2,1]+-0.75*p[2,2]+0.25*p[2,3]+;
a[2,0] = 1.00*p[0,1]+-2.50*p[1,1]+2.00*p[2,1]+-0.50*p[3,1]+;
a[2,1] = -0.50*p[0,0]+0.50*p[0,2]+1.25*p[1,0]+-1.25*p[1,2]+-1.00*p[2,0]+1.00*p[2,2]+0.25*p[3,0]+-0.25*p[3,2]+;
a[2,2] = 1.00*p[0,0]+-2.50*p[0,1]+2.00*p[0,2]+-0.50*p[0,3]+-2.50*p[1,0]+6.25*p[1,1]+-5.00*p[1,2]+1.25*p[1,3]+2.00*p[2,0]+-5.00*p[2,1]+4.00*p[2,2]+-1.00*p[2,3]+-0.50*p[3,0]+1.25*p[3,1]+-1.00*p[3,2]+0.25*p[3,3]+;
a[2,3] = -0.50*p[0,0]+1.50*p[0,1]+-1.50*p[0,2]+0.50*p[0,3]+1.25*p[1,0]+-3.75*p[1,1]+3.75*p[1,2]+-1.25*p[1,3]+-1.00*p[2,0]+3.00*p[2,1]+-3.00*p[2,2]+1.00*p[2,3]+0.25*p[3,0]+-0.75*p[3,1]+0.75*p[3,2]+-0.25*p[3,3]+;
a[3,0] = -0.50*p[0,1]+1.50*p[1,1]+-1.50*p[2,1]+0.50*p[3,1]+;
a[3,1] = 0.25*p[0,0]+-0.25*p[0,2]+-0.75*p[1,0]+0.75*p[1,2]+0.75*p[2,0]+-0.75*p[2,2]+-0.25*p[3,0]+0.25*p[3,2]+;
a[3,2] = -0.50*p[0,0]+1.25*p[0,1]+-1.00*p[0,2]+0.25*p[0,3]+1.50*p[1,0]+-3.75*p[1,1]+3.00*p[1,2]+-0.75*p[1,3]+-1.50*p[2,0]+3.75*p[2,1]+-3.00*p[2,2]+0.75*p[2,3]+0.50*p[3,0]+-1.25*p[3,1]+1.00*p[3,2]+-0.25*p[3,3]+;
a[3,3] = 0.25*p[0,0]+-0.75*p[0,1]+0.75*p[0,2]+-0.25*p[0,3]+-0.75*p[1,0]+2.25*p[1,1]+-2.25*p[1,2]+0.75*p[1,3]+0.75*p[2,0]+-2.25*p[2,1]+2.25*p[2,2]+-0.75*p[2,3]+-0.25*p[3,0]+0.75*p[3,1]+-0.75*p[3,2]+0.25*p[3,3]+;
0.25 1.00 0.25
